00:00:02.075776 VirtualBox VM 6.1.34 r150636 win.amd64 (Mar 23 2022 00:36:21) release log
00:00:02.075779 Log opened 2022-07-14T20:12:51.932381100Z
00:00:02.075779 Build Type: release
00:00:02.075782 OS Product: Windows 11
00:00:02.075783 OS Release: 10.0.22000
00:00:02.075783 OS Service Pack: 
00:00:02.122863 DMI Product Name: MS-7D22
00:00:02.125203 DMI Product Version: 1.0
00:00:02.125209 Firmware type: UEFI
00:00:02.125477 Secure Boot: VERR_PRIVILEGE_NOT_HELD
00:00:02.125486 Host RAM: 16281MB (15.9GB) total, 10403MB (10.1GB) available
00:00:02.125488 Executable: C:\Program Files\Oracle\VirtualBox\VirtualBoxVM.exe
00:00:02.125489 Process ID: 9236
00:00:02.125489 Package type: WINDOWS_64BITS_GENERIC
00:00:02.126005 Installed Extension Packs:
00:00:02.126128   None installed!
00:00:02.126498 Console: Machine state changed to 'Starting'
00:00:02.126569 Qt version: 5.6.2
00:00:02.127708 GUI: UIMediumEnumerator: Medium-enumeration finished!
00:00:02.222635 SUP: seg #0: R   0x00000000 LB 0x00001000
00:00:02.222644 SUP: seg #1: R X 0x00001000 LB 0x00109000
00:00:02.222647 SUP: seg #2: R   0x0010a000 LB 0x0004a000
00:00:02.222649 SUP: seg #3: RW  0x00154000 LB 0x00013000
00:00:02.222651 SUP: seg #4: R   0x00167000 LB 0x0000e000
00:00:02.222653 SUP: seg #5: RW  0x00175000 LB 0x00003000
00:00:02.222655 SUP: seg #6: R   0x00178000 LB 0x0000b000
00:00:02.222657 SUP: seg #7: RWX 0x00183000 LB 0x00002000
00:00:02.222659 SUP: seg #8: R   0x00185000 LB 0x00007000
00:00:02.223117 SUP: Loaded VMMR0.r0 (C:\Program Files\Oracle\VirtualBox\VMMR0.r0) at 0xXXXXXXXXXXXXXXXX - ModuleInit at XXXXXXXXXXXXXXXX and ModuleTerm at XXXXXXXXXXXXXXXX using the native ring-0 loader
00:00:02.223125 SUP: VMMR0EntryEx located at XXXXXXXXXXXXXXXX and VMMR0EntryFast at XXXXXXXXXXXXXXXX
00:00:02.223127 SUP: windbg> .reload /f C:\Program Files\Oracle\VirtualBox\VMMR0.r0=0xXXXXXXXXXXXXXXXX
00:00:02.223877 Guest OS type: 'Other'
00:00:02.224238 fHMForced=true - No raw-mode support in this build!
00:00:02.225752 File system of 'C:\Users\WZETTA\Desktop\arquiteturax86\questoes\prova\prova.img' (Floppy) is ntfs
00:00:02.236816 Shared Clipboard: Service loaded
00:00:02.236822 Shared Clipboard: Mode: Off
00:00:02.236846 Shared Clipboard: Service running in normal mode
00:00:02.244473 Drag and drop service loaded
00:00:02.244481 Drag and drop mode: Off
00:00:02.245151 ************************* CFGM dump *************************
00:00:02.245152 [/] (level 0)
00:00:02.245154   CpuExecutionCap   <integer> = 0x0000000000000064 (100)
00:00:02.245155   EnablePAE         <integer> = 0x0000000000000000 (0)
00:00:02.245156   HMEnabled         <integer> = 0x0000000000000001 (1)
00:00:02.245156   MemBalloonSize    <integer> = 0x0000000000000000 (0)
00:00:02.245156   Name              <string>  = "arquitetura" (cb=12)
00:00:02.245157   NumCPUs           <integer> = 0x0000000000000001 (1)
00:00:02.245158   PageFusionAllowed <integer> = 0x0000000000000000 (0)
00:00:02.245158   RamHoleSize       <integer> = 0x0000000020000000 (536 870 912, 512 MB)
00:00:02.245159   RamSize           <integer> = 0x0000000004000000 (67 108 864, 64 MB)
00:00:02.245160   TimerMillies      <integer> = 0x000000000000000a (10)
00:00:02.245161   UUID              <bytes>   = "a9 54 b7 42 d7 1d 57 4e a9 a7 f4 1e c8 77 5f 27" (cb=16)
00:00:02.245164 
00:00:02.245164 [/CPUM/] (level 1)
00:00:02.245165   GuestCpuName       <string>  = "host" (cb=5)
00:00:02.245166   NestedHWVirt       <integer> = 0x0000000000000000 (0)
00:00:02.245166   PortableCpuIdLevel <integer> = 0x0000000000000000 (0)
00:00:02.245167   SpecCtrl           <integer> = 0x0000000000000000 (0)
00:00:02.245167 
00:00:02.245167 [/CPUM/IsaExts/] (level 2)
00:00:02.245168 
00:00:02.245168 [/DBGC/] (level 1)
00:00:02.245168   GlobalInitScript <string>  = "C:\Users\WZETTA\.VirtualBox/dbgc-init" (cb=38)
00:00:02.245169   HistoryFile      <string>  = "C:\Users\WZETTA\.VirtualBox/dbgc-history" (cb=41)
00:00:02.245169   LocalInitScript  <string>  = "C:\Users\WZETTA\Desktop\arquiteturax86\arquitetura/dbgc-init" (cb=61)
00:00:02.245170 
00:00:02.245170 [/DBGF/] (level 1)
00:00:02.245170   Path <string>  = "C:\Users\WZETTA\Desktop\arquiteturax86\arquitetura/debug/;C:\Users\WZETTA\Desktop\arquiteturax86\arquitetura/;cache*C:\Users\WZETTA\Desktop\arquiteturax86\arquitetura/dbgcache/;C:\Users\WZETTA\" (cb=194)
00:00:02.245171 
00:00:02.245171 [/Devices/] (level 1)
00:00:02.245171 
00:00:02.245172 [/Devices/8237A/] (level 2)
00:00:02.245172 
00:00:02.245172 [/Devices/8237A/0/] (level 3)
00:00:02.245173   Trusted <integer> = 0x0000000000000001 (1)
00:00:02.245173 
00:00:02.245174 [/Devices/VMMDev/] (level 2)
00:00:02.245174 
00:00:02.245174 [/Devices/VMMDev/0/] (level 3)
00:00:02.245175   PCIBusNo      <integer> = 0x0000000000000000 (0)
00:00:02.245175   PCIDeviceNo   <integer> = 0x0000000000000004 (4)
00:00:02.245176   PCIFunctionNo <integer> = 0x0000000000000000 (0)
00:00:02.245176   Trusted       <integer> = 0x0000000000000001 (1)
00:00:02.245177 
00:00:02.245177 [/Devices/VMMDev/0/Config/] (level 4)
00:00:02.245177   GuestCoreDumpDir <string>  = "C:\Users\WZETTA\Desktop\arquiteturax86\arquitetura\Snapshots" (cb=61)
00:00:02.245178 
00:00:02.245178 [/Devices/VMMDev/0/LUN#0/] (level 4)
00:00:02.245179   Driver <string>  = "HGCM" (cb=5)
00:00:02.245179 
00:00:02.245179 [/Devices/VMMDev/0/LUN#0/Config/] (level 5)
00:00:02.245180   Object <integer> = 0x0000000006ea4270 (116 015 728)
00:00:02.245180 
00:00:02.245181 [/Devices/VMMDev/0/LUN#999/] (level 4)
00:00:02.245181   Driver <string>  = "MainStatus" (cb=11)
00:00:02.245182 
00:00:02.245182 [/Devices/VMMDev/0/LUN#999/Config/] (level 5)
00:00:02.245182   First   <integer> = 0x0000000000000000 (0)
00:00:02.245183   Last    <integer> = 0x0000000000000000 (0)
00:00:02.245183   papLeds <integer> = 0x0000000001b70888 (28 772 488)
00:00:02.245184 
00:00:02.245184 [/Devices/acpi/] (level 2)
00:00:02.245184 
00:00:02.245184 [/Devices/acpi/0/] (level 3)
00:00:02.245185   PCIBusNo      <integer> = 0x0000000000000000 (0)
00:00:02.245185   PCIDeviceNo   <integer> = 0x0000000000000007 (7)
00:00:02.245186   PCIFunctionNo <integer> = 0x0000000000000000 (0)
00:00:02.245186   Trusted       <integer> = 0x0000000000000001 (1)
00:00:02.245186 
00:00:02.245187 [/Devices/acpi/0/Config/] (level 4)
00:00:02.245187   CpuHotPlug          <integer> = 0x0000000000000000 (0)
00:00:02.245188   FdcEnabled          <integer> = 0x0000000000000001 (1)
00:00:02.245188   HostBusPciAddress   <integer> = 0x0000000000000000 (0)
00:00:02.245189   HpetEnabled         <integer> = 0x0000000000000000 (0)
00:00:02.245189   IOAPIC              <integer> = 0x0000000000000000 (0)
00:00:02.245189   IocPciAddress       <integer> = 0x0000000000010000 (65 536)
00:00:02.245190   NumCPUs             <integer> = 0x0000000000000001 (1)
00:00:02.245190   Parallel0IoPortBase <integer> = 0x0000000000000000 (0)
00:00:02.245191   Parallel0Irq        <integer> = 0x0000000000000000 (0)
00:00:02.245191   Parallel1IoPortBase <integer> = 0x0000000000000000 (0)
00:00:02.245192   Parallel1Irq        <integer> = 0x0000000000000000 (0)
00:00:02.245192   Serial0IoPortBase   <integer> = 0x0000000000000000 (0)
00:00:02.245192   Serial0Irq          <integer> = 0x0000000000000000 (0)
00:00:02.245193   Serial1IoPortBase   <integer> = 0x0000000000000000 (0)
00:00:02.245193   Serial1Irq          <integer> = 0x0000000000000000 (0)
00:00:02.245194   ShowCpu             <integer> = 0x0000000000000000 (0)
00:00:02.245194   ShowRtc             <integer> = 0x0000000000000000 (0)
00:00:02.245194   SmcEnabled          <integer> = 0x0000000000000000 (0)
00:00:02.245195 
00:00:02.245195 [/Devices/acpi/0/LUN#0/] (level 4)
00:00:02.245195   Driver <string>  = "ACPIHost" (cb=9)
00:00:02.245196 
00:00:02.245196 [/Devices/acpi/0/LUN#0/Config/] (level 5)
00:00:02.245197 
00:00:02.245197 [/Devices/apic/] (level 2)
00:00:02.245197 
00:00:02.245197 [/Devices/apic/0/] (level 3)
00:00:02.245198   Trusted <integer> = 0x0000000000000001 (1)
00:00:02.245198 
00:00:02.245198 [/Devices/apic/0/Config/] (level 4)
00:00:02.245199   IOAPIC  <integer> = 0x0000000000000000 (0)
00:00:02.245199   Mode    <integer> = 0x0000000000000002 (2)
00:00:02.245200   NumCPUs <integer> = 0x0000000000000001 (1)
00:00:02.245200 
00:00:02.245200 [/Devices/e1000/] (level 2)
00:00:02.245201 
00:00:02.245201 [/Devices/i82078/] (level 2)
00:00:02.245201 
00:00:02.245201 [/Devices/i82078/0/] (level 3)
00:00:02.245202   Trusted <integer> = 0x0000000000000001 (1)
00:00:02.245202 
00:00:02.245202 [/Devices/i82078/0/Config/] (level 4)
00:00:02.245203   DMA       <integer> = 0x0000000000000002 (2)
00:00:02.245203   IOBase    <integer> = 0x00000000000003f0 (1 008)
00:00:02.245204   IRQ       <integer> = 0x0000000000000006 (6)
00:00:02.245204   MemMapped <integer> = 0x0000000000000000 (0)
00:00:02.245205 
00:00:02.245205 [/Devices/i82078/0/LUN#0/] (level 4)
00:00:02.245206   Driver <string>  = "VD" (cb=3)
00:00:02.245206 
00:00:02.245206 [/Devices/i82078/0/LUN#0/Config/] (level 5)
00:00:02.245207   Format        <string>  = "RAW" (cb=4)
00:00:02.245207   MaybeReadOnly <integer> = 0x0000000000000001 (1)
00:00:02.245208   Mountable     <integer> = 0x0000000000000001 (1)
00:00:02.245208   Path          <string>  = "C:\Users\WZETTA\Desktop\arquiteturax86\questoes\prova\prova.img" (cb=64)
00:00:02.245209   Type          <string>  = "Floppy 1.44" (cb=12)
00:00:02.245209 
00:00:02.245209 [/Devices/i82078/0/LUN#999/] (level 4)
00:00:02.245210   Driver <string>  = "MainStatus" (cb=11)
00:00:02.245210 
00:00:02.245210 [/Devices/i82078/0/LUN#999/Config/] (level 5)
00:00:02.245211   DeviceInstance        <string>  = "i82078/0" (cb=9)
00:00:02.245211   First                 <integer> = 0x0000000000000000 (0)
00:00:02.245212   Last                  <integer> = 0x0000000000000001 (1)
00:00:02.245212   pConsole              <integer> = 0x0000000001b6f490 (28 767 376)
00:00:02.245213   papLeds               <integer> = 0x0000000001b6fc60 (28 769 376)
00:00:02.245213   pmapMediumAttachments <integer> = 0x0000000001b708a8 (28 772 520)
00:00:02.245214 
00:00:02.245214 [/Devices/i8254/] (level 2)
00:00:02.245215 
00:00:02.245215 [/Devices/i8254/0/] (level 3)
00:00:02.245215 
00:00:02.245215 [/Devices/i8254/0/Config/] (level 4)
00:00:02.245216 
00:00:02.245216 [/Devices/i8259/] (level 2)
00:00:02.245216 
00:00:02.245217 [/Devices/i8259/0/] (level 3)
00:00:02.245217   Trusted <integer> = 0x0000000000000001 (1)
00:00:02.245217 
00:00:02.245218 [/Devices/i8259/0/Config/] (level 4)
00:00:02.245218 
00:00:02.245218 [/Devices/ichac97/] (level 2)
00:00:02.245219 
00:00:02.245219 [/Devices/ichac97/0/] (level 3)
00:00:02.245219   PCIBusNo      <integer> = 0x0000000000000000 (0)
00:00:02.245220   PCIDeviceNo   <integer> = 0x0000000000000005 (5)
00:00:02.245220   PCIFunctionNo <integer> = 0x0000000000000000 (0)
00:00:02.245220   Trusted       <integer> = 0x0000000000000001 (1)
00:00:02.245221 
00:00:02.245221 [/Devices/ichac97/0/AudioConfig/] (level 4)
00:00:02.245222 
00:00:02.245222 [/Devices/ichac97/0/Config/] (level 4)
00:00:02.245222   Codec        <string>  = "STAC9700" (cb=9)
00:00:02.245223   DebugEnabled <integer> = 0x0000000000000000 (0)
00:00:02.245223 
00:00:02.245223 [/Devices/ichac97/0/LUN#0/] (level 4)
00:00:02.245224   Driver <string>  = "AUDIO" (cb=6)
00:00:02.245224 
00:00:02.245224 [/Devices/ichac97/0/LUN#0/AttachedDriver/] (level 5)
00:00:02.245225   Driver <string>  = "HostAudioWas" (cb=13)
00:00:02.245225 
00:00:02.245225 [/Devices/ichac97/0/LUN#0/AttachedDriver/Config/] (level 6)
00:00:02.245226   VmName <string>  = "arquitetura" (cb=12)
00:00:02.245226   VmUuid <string>  = "42b754a9-1dd7-4e57-a9a7-f41ec8775f27" (cb=37)
00:00:02.245227 
00:00:02.245227 [/Devices/ichac97/0/LUN#0/Config/] (level 5)
00:00:02.245227   DriverName    <string>  = "HostAudioWas" (cb=13)
00:00:02.245228   InputEnabled  <integer> = 0x0000000000000000 (0)
00:00:02.245228   OutputEnabled <integer> = 0x0000000000000001 (1)
00:00:02.245229 
00:00:02.245229 [/Devices/ichac97/0/LUN#1/] (level 4)
00:00:02.245229   Driver <string>  = "AUDIO" (cb=6)
00:00:02.245230 
00:00:02.245230 [/Devices/ichac97/0/LUN#2/] (level 4)
00:00:02.245230   Driver <string>  = "AUDIO" (cb=6)
00:00:02.245231 
00:00:02.245231 [/Devices/mc146818/] (level 2)
00:00:02.245231 
00:00:02.245231 [/Devices/mc146818/0/] (level 3)
00:00:02.245232 
00:00:02.245232 [/Devices/mc146818/0/Config/] (level 4)
00:00:02.245233   UseUTC <integer> = 0x0000000000000000 (0)
00:00:02.245233 
00:00:02.245233 [/Devices/parallel/] (level 2)
00:00:02.245234 
00:00:02.245234 [/Devices/pcarch/] (level 2)
00:00:02.245234 
00:00:02.245234 [/Devices/pcarch/0/] (level 3)
00:00:02.245235   Trusted <integer> = 0x0000000000000001 (1)
00:00:02.245235 
00:00:02.245235 [/Devices/pcarch/0/Config/] (level 4)
00:00:02.245236 
00:00:02.245236 [/Devices/pcbios/] (level 2)
00:00:02.245236 
00:00:02.245237 [/Devices/pcbios/0/] (level 3)
00:00:02.245237   Trusted <integer> = 0x0000000000000001 (1)
00:00:02.245238 
00:00:02.245238 [/Devices/pcbios/0/Config/] (level 4)
00:00:02.245239   APIC           <integer> = 0x0000000000000001 (1)
00:00:02.245239   BootDevice0    <string>  = "FLOPPY" (cb=7)
00:00:02.245239   BootDevice1    <string>  = "DVD" (cb=4)
00:00:02.245240   BootDevice2    <string>  = "IDE" (cb=4)
00:00:02.245240   BootDevice3    <string>  = "NONE" (cb=5)
00:00:02.245241   FloppyDevice   <string>  = "i82078" (cb=7)
00:00:02.245241   HardDiskDevice <string>  = "piix3ide" (cb=9)
00:00:02.245241   IOAPIC         <integer> = 0x0000000000000000 (0)
00:00:02.245242   McfgBase       <integer> = 0x0000000000000000 (0)
00:00:02.245242   McfgLength     <integer> = 0x0000000000000000 (0)
00:00:02.245242   NumCPUs        <integer> = 0x0000000000000001 (1)
00:00:02.245243   PXEDebug       <integer> = 0x0000000000000000 (0)
00:00:02.245243   UUID           <bytes>   = "a9 54 b7 42 d7 1d 57 4e a9 a7 f4 1e c8 77 5f 27" (cb=16)
00:00:02.245244   UuidLe         <integer> = 0x0000000000000001 (1)
00:00:02.245245 
00:00:02.245245 [/Devices/pcbios/0/Config/NetBoot/] (level 5)
00:00:02.245246 
00:00:02.245246 [/Devices/pcbios/0/Config/NetBoot/0/] (level 6)
00:00:02.245246   NIC           <integer> = 0x0000000000000000 (0)
00:00:02.245247   PCIBusNo      <integer> = 0x0000000000000000 (0)
00:00:02.245247   PCIDeviceNo   <integer> = 0x0000000000000003 (3)
00:00:02.245247   PCIFunctionNo <integer> = 0x0000000000000000 (0)
00:00:02.245248 
00:00:02.245248 [/Devices/pci/] (level 2)
00:00:02.245248 
00:00:02.245249 [/Devices/pci/0/] (level 3)
00:00:02.245249   Trusted <integer> = 0x0000000000000001 (1)
00:00:02.245249 
00:00:02.245250 [/Devices/pci/0/Config/] (level 4)
00:00:02.245250   IOAPIC <integer> = 0x0000000000000000 (0)
00:00:02.245250 
00:00:02.245251 [/Devices/pcibridge/] (level 2)
00:00:02.245251 
00:00:02.245251 [/Devices/pckbd/] (level 2)
00:00:02.245252 
00:00:02.245252 [/Devices/pckbd/0/] (level 3)
00:00:02.245252   Trusted <integer> = 0x0000000000000001 (1)
00:00:02.245253 
00:00:02.245253 [/Devices/pckbd/0/Config/] (level 4)
00:00:02.245253 
00:00:02.245253 [/Devices/pckbd/0/LUN#0/] (level 4)
00:00:02.245254   Driver <string>  = "KeyboardQueue" (cb=14)
00:00:02.245254 
00:00:02.245255 [/Devices/pckbd/0/LUN#0/AttachedDriver/] (level 5)
00:00:02.245255   Driver <string>  = "MainKeyboard" (cb=13)
00:00:02.245255 
00:00:02.245256 [/Devices/pckbd/0/LUN#0/AttachedDriver/Config/] (level 6)
00:00:02.245256   Object <integer> = 0x000000000197a580 (26 715 520)
00:00:02.245257 
00:00:02.245257 [/Devices/pckbd/0/LUN#0/Config/] (level 5)
00:00:02.245258   QueueSize <integer> = 0x0000000000000040 (64)
00:00:02.245258 
00:00:02.245258 [/Devices/pckbd/0/LUN#1/] (level 4)
00:00:02.245259   Driver <string>  = "MouseQueue" (cb=11)
00:00:02.245259 
00:00:02.245259 [/Devices/pckbd/0/LUN#1/AttachedDriver/] (level 5)
00:00:02.245260   Driver <string>  = "MainMouse" (cb=10)
00:00:02.245260 
00:00:02.245260 [/Devices/pckbd/0/LUN#1/AttachedDriver/Config/] (level 6)
00:00:02.245261   Object <integer> = 0x0000000001a65d40 (27 680 064)
00:00:02.245261 
00:00:02.245262 [/Devices/pckbd/0/LUN#1/Config/] (level 5)
00:00:02.245262   QueueSize <integer> = 0x0000000000000080 (128)
00:00:02.245263 
00:00:02.245263 [/Devices/pcnet/] (level 2)
00:00:02.245263 
00:00:02.245263 [/Devices/pcnet/0/] (level 3)
00:00:02.245264   PCIBusNo      <integer> = 0x0000000000000000 (0)
00:00:02.245264   PCIDeviceNo   <integer> = 0x0000000000000003 (3)
00:00:02.245265   PCIFunctionNo <integer> = 0x0000000000000000 (0)
00:00:02.245265   Trusted       <integer> = 0x0000000000000001 (1)
00:00:02.245265 
00:00:02.245266 [/Devices/pcnet/0/Config/] (level 4)
00:00:02.245266   CableConnected <integer> = 0x0000000000000001 (1)
00:00:02.245266   ChipType       <string>  = "Am79C973" (cb=9)
00:00:02.245267   LineSpeed      <integer> = 0x0000000000000000 (0)
00:00:02.245267   MAC            <bytes>   = "08 00 27 0b ec a4" (cb=6)
00:00:02.245268 
00:00:02.245268 [/Devices/pcnet/0/LUN#0/] (level 4)
00:00:02.245269   Driver <string>  = "NAT" (cb=4)
00:00:02.245269 
00:00:02.245269 [/Devices/pcnet/0/LUN#0/Config/] (level 5)
00:00:02.245270   AliasMode       <integer> = 0x0000000000000000 (0)
00:00:02.245270   BootFile        <string>  = "arquitetura.pxe" (cb=16)
00:00:02.245270   DNSProxy        <integer> = 0x0000000000000000 (0)
00:00:02.245271   Network         <string>  = "10.0.2.0/24" (cb=12)
00:00:02.245271   PassDomain      <integer> = 0x0000000000000001 (1)
00:00:02.245272   TFTPPrefix      <string>  = "C:\Users\WZETTA\.VirtualBox\TFTP" (cb=33)
00:00:02.245272   UseHostResolver <integer> = 0x0000000000000000 (0)
00:00:02.245272 
00:00:02.245273 [/Devices/pcnet/0/LUN#999/] (level 4)
00:00:02.245273   Driver <string>  = "MainStatus" (cb=11)
00:00:02.245273 
00:00:02.245274 [/Devices/pcnet/0/LUN#999/Config/] (level 5)
00:00:02.245274   First   <integer> = 0x0000000000000000 (0)
00:00:02.245275   Last    <integer> = 0x0000000000000000 (0)
00:00:02.245275   papLeds <integer> = 0x0000000001b70768 (28 772 200)
00:00:02.245275 
00:00:02.245276 [/Devices/piix3ide/] (level 2)
00:00:02.245276 
00:00:02.245276 [/Devices/piix3ide/0/] (level 3)
00:00:02.245277   PCIBusNo      <integer> = 0x0000000000000000 (0)
00:00:02.245277   PCIDeviceNo   <integer> = 0x0000000000000001 (1)
00:00:02.245278   PCIFunctionNo <integer> = 0x0000000000000001 (1)
00:00:02.245278   Trusted       <integer> = 0x0000000000000001 (1)
00:00:02.245278 
00:00:02.245278 [/Devices/piix3ide/0/Config/] (level 4)
00:00:02.245279   Type <string>  = "PIIX4" (cb=6)
00:00:02.245279 
00:00:02.245279 [/Devices/piix3ide/0/LUN#2/] (level 4)
00:00:02.245280   Driver <string>  = "VD" (cb=3)
00:00:02.245280 
00:00:02.245281 [/Devices/piix3ide/0/LUN#2/Config/] (level 5)
00:00:02.245281   EmptyDrive <integer> = 0x0000000000000001 (1)
00:00:02.245282   Mountable  <integer> = 0x0000000000000001 (1)
00:00:02.245282   Type       <string>  = "DVD" (cb=4)
00:00:02.245282 
00:00:02.245282 [/Devices/piix3ide/0/LUN#999/] (level 4)
00:00:02.245283   Driver <string>  = "MainStatus" (cb=11)
00:00:02.245283 
00:00:02.245283 [/Devices/piix3ide/0/LUN#999/Config/] (level 5)
00:00:02.245284   DeviceInstance        <string>  = "piix3ide/0" (cb=11)
00:00:02.245285   First                 <integer> = 0x0000000000000000 (0)
00:00:02.245285   Last                  <integer> = 0x0000000000000003 (3)
00:00:02.245285   pConsole              <integer> = 0x0000000001b6f490 (28 767 376)
00:00:02.245286   papLeds               <integer> = 0x0000000001b6fc70 (28 769 392)
00:00:02.245287   pmapMediumAttachments <integer> = 0x0000000001b708a8 (28 772 520)
00:00:02.245287 
00:00:02.245287 [/Devices/serial/] (level 2)
00:00:02.245288 
00:00:02.245288 [/Devices/usb-ohci/] (level 2)
00:00:02.245288 
00:00:02.245288 [/Devices/usb-ohci/0/] (level 3)
00:00:02.245289   PCIBusNo      <integer> = 0x0000000000000000 (0)
00:00:02.245289   PCIDeviceNo   <integer> = 0x0000000000000006 (6)
00:00:02.245290   PCIFunctionNo <integer> = 0x0000000000000000 (0)
00:00:02.245290   Trusted       <integer> = 0x0000000000000001 (1)
00:00:02.245290 
00:00:02.245291 [/Devices/usb-ohci/0/Config/] (level 4)
00:00:02.245291 
00:00:02.245292 [/Devices/usb-ohci/0/LUN#0/] (level 4)
00:00:02.245292   Driver <string>  = "VUSBRootHub" (cb=12)
00:00:02.245293 
00:00:02.245293 [/Devices/usb-ohci/0/LUN#0/Config/] (level 5)
00:00:02.245293 
00:00:02.245293 [/Devices/usb-ohci/0/LUN#999/] (level 4)
00:00:02.245294   Driver <string>  = "MainStatus" (cb=11)
00:00:02.245294 
00:00:02.245294 [/Devices/usb-ohci/0/LUN#999/Config/] (level 5)
00:00:02.245295   First   <integer> = 0x0000000000000000 (0)
00:00:02.245295   Last    <integer> = 0x0000000000000000 (0)
00:00:02.245296   papLeds <integer> = 0x0000000001b70890 (28 772 496)
00:00:02.245296 
00:00:02.245296 [/Devices/vga/] (level 2)
00:00:02.245297 
00:00:02.245297 [/Devices/vga/0/] (level 3)
00:00:02.245297   PCIBusNo      <integer> = 0x0000000000000000 (0)
00:00:02.245298   PCIDeviceNo   <integer> = 0x0000000000000002 (2)
00:00:02.245298   PCIFunctionNo <integer> = 0x0000000000000000 (0)
00:00:02.245299   Trusted       <integer> = 0x0000000000000001 (1)
00:00:02.245299 
00:00:02.245299 [/Devices/vga/0/Config/] (level 4)
00:00:02.245300   3DEnabled        <integer> = 0x0000000000000000 (0)
00:00:02.245300   CustomVideoModes <integer> = 0x0000000000000000 (0)
00:00:02.245300   FadeIn           <integer> = 0x0000000000000001 (1)
00:00:02.245301   FadeOut          <integer> = 0x0000000000000001 (1)
00:00:02.245301   HeightReduction  <integer> = 0x0000000000000000 (0)
00:00:02.245302   LogoFile         <string>  = "" (cb=1)
00:00:02.245302   LogoTime         <integer> = 0x0000000000000000 (0)
00:00:02.245302   MonitorCount     <integer> = 0x0000000000000001 (1)
00:00:02.245303   ShowBootMenu     <integer> = 0x0000000000000002 (2)
00:00:02.245303   VRamSize         <integer> = 0x0000000000900000 (9 437 184, 9 MB)
00:00:02.245304 
00:00:02.245304 [/Devices/vga/0/LUN#0/] (level 4)
00:00:02.245305   Driver <string>  = "MainDisplay" (cb=12)
00:00:02.245305 
00:00:02.245305 [/Devices/vga/0/LUN#0/Config/] (level 5)
00:00:02.245306   Object <integer> = 0x0000000001bd7ed0 (29 195 984)
00:00:02.245306 
00:00:02.245306 [/Devices/vga/0/LUN#999/] (level 4)
00:00:02.245307   Driver <string>  = "MainStatus" (cb=11)
00:00:02.245307 
00:00:02.245307 [/Devices/vga/0/LUN#999/Config/] (level 5)
00:00:02.245308   First   <integer> = 0x0000000000000000 (0)
00:00:02.245308   Last    <integer> = 0x0000000000000000 (0)
00:00:02.245309   papLeds <integer> = 0x0000000001b708a0 (28 772 512)
00:00:02.245309 
00:00:02.245309 [/Devices/virtio-net/] (level 2)
00:00:02.245310 
00:00:02.245310 [/EM/] (level 1)
00:00:02.245310   TripleFaultReset <integer> = 0x0000000000000000 (0)
00:00:02.245311 
00:00:02.245311 [/GIM/] (level 1)
00:00:02.245311   Provider <string>  = "None" (cb=5)
00:00:02.245312 
00:00:02.245312 [/HM/] (level 1)
00:00:02.245312   64bitEnabled       <integer> = 0x0000000000000000 (0)
00:00:02.245313   EnableLargePages   <integer> = 0x0000000000000001 (1)
00:00:02.245313   EnableNestedPaging <integer> = 0x0000000000000001 (1)
00:00:02.245313   EnableUX           <integer> = 0x0000000000000001 (1)
00:00:02.245314   EnableVPID         <integer> = 0x0000000000000001 (1)
00:00:02.245314   Exclusive          <integer> = 0x0000000000000000 (0)
00:00:02.245315   HMForced           <integer> = 0x0000000000000001 (1)
00:00:02.245315   IBPBOnVMEntry      <integer> = 0x0000000000000000 (0)
00:00:02.245315   IBPBOnVMExit       <integer> = 0x0000000000000000 (0)
00:00:02.245316   L1DFlushOnSched    <integer> = 0x0000000000000001 (1)
00:00:02.245316   L1DFlushOnVMEntry  <integer> = 0x0000000000000000 (0)
00:00:02.245316   MDSClearOnSched    <integer> = 0x0000000000000001 (1)
00:00:02.245317   MDSClearOnVMEntry  <integer> = 0x0000000000000000 (0)
00:00:02.245317   SpecCtrlByHost     <integer> = 0x0000000000000000 (0)
00:00:02.245318   UseNEMInstead      <integer> = 0x0000000000000000 (0)
00:00:02.245318 
00:00:02.245318 [/MM/] (level 1)
00:00:02.245318   CanUseLargerHeap <integer> = 0x0000000000000000 (0)
00:00:02.245319 
00:00:02.245319 [/NEM/] (level 1)
00:00:02.245319   Allow64BitGuests <integer> = 0x0000000000000000 (0)
00:00:02.245320 
00:00:02.245320 [/PDM/] (level 1)
00:00:02.245320 
00:00:02.245320 [/PDM/AsyncCompletion/] (level 2)
00:00:02.245321 
00:00:02.245321 [/PDM/AsyncCompletion/File/] (level 3)
00:00:02.245321 
00:00:02.245321 [/PDM/AsyncCompletion/File/BwGroups/] (level 4)
00:00:02.245322 
00:00:02.245322 [/PDM/BlkCache/] (level 2)
00:00:02.245323   CacheSize <integer> = 0x0000000000500000 (5 242 880, 5 MB)
00:00:02.245323 
00:00:02.245323 [/PDM/Devices/] (level 2)
00:00:02.245324 
00:00:02.245324 [/PDM/Drivers/] (level 2)
00:00:02.245324 
00:00:02.245325 [/PDM/Drivers/VBoxC/] (level 3)
00:00:02.245325   Path <string>  = "VBoxC" (cb=6)
00:00:02.245325 
00:00:02.245325 [/PDM/NetworkShaper/] (level 2)
00:00:02.245326 
00:00:02.245326 [/PDM/NetworkShaper/BwGroups/] (level 3)
00:00:02.245327 
00:00:02.245327 [/TM/] (level 1)
00:00:02.245327   UTCOffset <integer> = 0x0000000000000000 (0)
00:00:02.245327 
00:00:02.245328 [/USB/] (level 1)
00:00:02.245328 
00:00:02.245328 [/USB/USBProxy/] (level 2)
00:00:02.245328 
00:00:02.245329 [/USB/USBProxy/GlobalConfig/] (level 3)
00:00:02.245329 
00:00:02.245329 ********************* End of CFGM dump **********************
00:00:02.245363 HM: HMR3Init: VT-x w/ nested paging and unrestricted guest execution hw support
00:00:02.245415 MM: cbHyperHeap=0x200000 (2097152)
00:00:02.247722 CPUM: fXStateHostMask=0x7; initial: 0x7; host XCR0=0x1f
00:00:02.248255 CPUM: Matched host CPU INTEL 0x6/0xa5/0x5 Intel_Core7_CometLake with CPU DB entry 'Intel Core i7-6700K' (INTEL 0x6/0x5e/0x3 Intel_Core7_Skylake)
00:00:02.248290 CPUM: MXCSR_MASK=0xffff (host: 0xffff)
00:00:02.248299 CPUM: Microcode revision 0x000000EC
00:00:02.248306 CPUM: Changing leaf 13[0]: EBX=0x440 -> 0x340, ECX=0xa88 -> 0x340
00:00:02.248312 CPUM: MSR/CPUID reconciliation insert: 0x0000010b IA32_FLUSH_CMD
00:00:02.248315 CPUM: MSR/CPUID reconciliation insert: 0x0000010a IA32_ARCH_CAPABILITIES
00:00:02.248320 CPUM: MSR fudge: 0x00000122 IA32_TSX_CTRL
00:00:02.248455 PGM: Host paging mode: AMD64+PGE+NX
00:00:02.248460 PGM: PGMPool: cMaxPages=256 (u64MaxPages=64)
00:00:02.248463 PGM: pgmR3PoolInit: cMaxPages=0x100 cMaxUsers=0x200 cMaxPhysExts=0x200 fCacheEnable=true 
00:00:02.248760 TM: GIP - u32Mode=3 (Invariant) u32UpdateHz=93 u32UpdateIntervalNS=10741500 enmUseTscDelta=2 (Practically Zero) fGetGipCpu=0x1b cCpus=16
00:00:02.248765 TM: GIP - u64CpuHz=2 904 003 546 (0xad1793da)  SUPGetCpuHzFromGip => 2 904 003 546
00:00:02.248768 TM: GIP - CPU: iCpuSet=0x0 idCpu=0x0 idApic=0x0 iGipCpu=0xf i64TSCDelta=0 enmState=3 u64CpuHz=2904004376(*) cErrors=0
00:00:02.248771 TM: GIP - CPU: iCpuSet=0x1 idCpu=0x1 idApic=0x1 iGipCpu=0xa i64TSCDelta=0 enmState=3 u64CpuHz=2904003493(*) cErrors=0
00:00:02.248774 TM: GIP - CPU: iCpuSet=0x2 idCpu=0x2 idApic=0x2 iGipCpu=0x4 i64TSCDelta=0 enmState=3 u64CpuHz=2904003378(*) cErrors=0
00:00:02.248776 TM: GIP - CPU: iCpuSet=0x3 idCpu=0x3 idApic=0x3 iGipCpu=0x0 i64TSCDelta=0 enmState=3 u64CpuHz=2904003546(*) cErrors=0
00:00:02.248778 TM: GIP - CPU: iCpuSet=0x4 idCpu=0x4 idApic=0x4 iGipCpu=0xd i64TSCDelta=0 enmState=3 u64CpuHz=2904003558(*) cErrors=0
00:00:02.248781 TM: GIP - CPU: iCpuSet=0x5 idCpu=0x5 idApic=0x5 iGipCpu=0xc i64TSCDelta=0 enmState=3 u64CpuHz=2904003538(*) cErrors=0
00:00:02.248783 TM: GIP - CPU: iCpuSet=0x6 idCpu=0x6 idApic=0x6 iGipCpu=0x9 i64TSCDelta=0 enmState=3 u64CpuHz=2904003523(*) cErrors=0
00:00:02.248785 TM: GIP - CPU: iCpuSet=0x7 idCpu=0x7 idApic=0x7 iGipCpu=0x8 i64TSCDelta=0 enmState=3 u64CpuHz=2904003494(*) cErrors=0
00:00:02.248788 TM: GIP - CPU: iCpuSet=0x8 idCpu=0x8 idApic=0x8 iGipCpu=0x3 i64TSCDelta=0 enmState=3 u64CpuHz=2904002956(*) cErrors=0
00:00:02.248790 TM: GIP - CPU: iCpuSet=0x9 idCpu=0x9 idApic=0x9 iGipCpu=0x5 i64TSCDelta=0 enmState=3 u64CpuHz=2904003417(*) cErrors=0
00:00:02.248792 TM: GIP - CPU: iCpuSet=0xa idCpu=0xa idApic=0xa iGipCpu=0x2 i64TSCDelta=0 enmState=3 u64CpuHz=2904001297(*) cErrors=0
00:00:02.248816 TM: GIP - CPU: iCpuSet=0xb idCpu=0xb idApic=0xb iGipCpu=0x6 i64TSCDelta=0 enmState=3 u64CpuHz=2904003458(*) cErrors=0
00:00:02.248820 TM: GIP - CPU: iCpuSet=0xc idCpu=0xc idApic=0xc iGipCpu=0x7 i64TSCDelta=0 enmState=3 u64CpuHz=2904003476(*) cErrors=0
00:00:02.248822 TM: GIP - CPU: iCpuSet=0xd idCpu=0xd idApic=0xd iGipCpu=0xe i64TSCDelta=0 enmState=3 u64CpuHz=2904003546(*) cErrors=0
00:00:02.248824 TM: GIP - CPU: iCpuSet=0xe idCpu=0xe idApic=0xe iGipCpu=0x1 i64TSCDelta=0 enmState=3 u64CpuHz=2904004376(*) cErrors=0
00:00:02.248827 TM: GIP - CPU: iCpuSet=0xf idCpu=0xf idApic=0xf iGipCpu=0xb i64TSCDelta=0 enmState=3 u64CpuHz=2904003555(*) cErrors=0
00:00:02.248845 TM: cTSCTicksPerSecond=2 904 003 546 (0xad1793da) enmTSCMode=3 (Dynamic)
00:00:02.248847 TM: TSCTiedToExecution=false TSCNotTiedToHalt=false
00:00:02.249177 EMR3Init: fIemExecutesAll=false fGuruOnTripleFault=true 
00:00:02.249272 IEM: TargetCpu=CURRENT, Microarch=Intel_Core7_CometLake
00:00:02.249320 GIM: Using provider 'None' (Implementation version: 0)
00:00:02.249348 AIOMgr: Default manager type is 'Async'
00:00:02.249351 AIOMgr: Default file backend is 'NonBuffered'
00:00:02.249464 BlkCache: Cache successfully initialized. Cache size is 5242880 bytes
00:00:02.249470 BlkCache: Cache commit interval is 10000 ms
00:00:02.249473 BlkCache: Cache commit threshold is 2621440 bytes
00:00:02.652115 PcBios: [SMP] BIOS with 1 CPUs
00:00:02.652131 PcBios: Using the 386+ BIOS image.
00:00:02.654276 PcBios: fCheckShutdownStatusForSoftReset=true   fClearShutdownStatusOnHardReset=true 
00:00:02.686351 SUP: seg #0: R   0x00000000 LB 0x00001000
00:00:02.686358 SUP: seg #1: R X 0x00001000 LB 0x0001f000
00:00:02.686360 SUP: seg #2: R   0x00020000 LB 0x0000c000
00:00:02.686362 SUP: seg #3: RW  0x0002c000 LB 0x00001000
00:00:02.686364 SUP: seg #4: R   0x0002d000 LB 0x00002000
00:00:02.686366 SUP: seg #5: RW  0x0002f000 LB 0x00001000
00:00:02.686368 SUP: seg #6: R   0x00030000 LB 0x00001000
00:00:02.686370 SUP: seg #7: RWX 0x00031000 LB 0x00001000
00:00:02.686372 SUP: seg #8: R   0x00032000 LB 0x00002000
00:00:02.686418 SUP: Loaded VBoxDDR0.r0 (C:\Program Files\Oracle\VirtualBox\VBoxDDR0.r0) at 0xXXXXXXXXXXXXXXXX - ModuleInit at XXXXXXXXXXXXXXXX and ModuleTerm at XXXXXXXXXXXXXXXX using the native ring-0 loader
00:00:02.686422 SUP: windbg> .reload /f C:\Program Files\Oracle\VirtualBox\VBoxDDR0.r0=0xXXXXXXXXXXXXXXXX
00:00:02.686577 CPUM: SetGuestCpuIdFeature: Enabled xAPIC
00:00:02.686646 PIT: mode=3 count=0x10000 (65536) - 18.20 Hz (ch=0)
00:00:02.686817 VMMDev: cbDefaultBudget: 266 757 952 (fe66740)
00:00:02.699357 Shared Folders service loaded
00:00:02.707219 Guest Control service loaded
00:00:02.724965 VGA: Using the 386+ BIOS image.
00:00:02.725522 DrvVD: Flushes will be ignored
00:00:02.725527 DrvVD: Async flushes will be passed to the disk
00:00:02.725684 VD: VDInit finished with VINF_SUCCESS
00:00:02.725737 VD: Opening the disk took 203652 ns
00:00:02.725761 FDC: 1.44 MB 3"1/2 floppy disk (2 h 80 t 18 s) rw
00:00:02.727950 PIIX3 ATA: LUN#0: no unit
00:00:02.727956 PIIX3 ATA: LUN#1: no unit
00:00:02.727998 DrvVD: Flushes will be ignored
00:00:02.728002 DrvVD: Async flushes will be passed to the disk
00:00:02.728017 PIIX3 ATA: LUN#2: CD/DVD, total number of sectors 0, passthrough disabled
00:00:02.728057 PIIX3 ATA: LUN#3: no unit
00:00:02.728097 PIIX3 ATA: Ctl#0: finished processing RESET
00:00:02.728111 PIIX3 ATA: Ctl#1: finished processing RESET
00:00:02.737545 NAT: Guest address guess set to 10.0.2.15 by initialization
00:00:02.756666 NAT: DNS#0: 170.231.59.242
00:00:02.756675 NAT: DNS#1: 170.231.59.244
00:00:02.757266 AC97: Using codec 'STAC9700'
00:00:02.797252 Audio: Found 5 devices for driver 'WasAPI'
00:00:02.797260 Audio: Device 'Alto-falantes (2- USB Audio Device)':
00:00:02.797261 Audio:   ID              = {0.0.0.00000000}.{31e59b5d-d3e4-4fb5-8596-dea5a3db7027}
00:00:02.797261 Audio:   Usage           = output
00:00:02.797261 Audio:   Flags           = DEFAULT_OUT
00:00:02.797262 Audio:   Input channels  = 0
00:00:02.797262 Audio:   Output channels = 2
00:00:02.797266 Audio: Device 'Alto-falantes (2- USB Audio Device)':
00:00:02.797267 Audio:   ID              = {0.0.0.00000000}.{31e59b5d-d3e4-4fb5-8596-dea5a3db7027}
00:00:02.797267 Audio:   Usage           = output
00:00:02.797267 Audio:   Flags           = NONE
00:00:02.797267 Audio:   Input channels  = 0
00:00:02.797268 Audio:   Output channels = 2
00:00:02.797270 Audio: Device 'PHL 272V8 (NVIDIA High Definition Audio)':
00:00:02.797271 Audio:   ID              = {0.0.0.00000000}.{504833f3-fc55-45ee-a036-7207abec4000}
00:00:02.797271 Audio:   Usage           = output
00:00:02.797271 Audio:   Flags           = NONE
00:00:02.797271 Audio:   Input channels  = 0
00:00:02.797272 Audio:   Output channels = 2
00:00:02.797273 Audio: Device 'Microfone (2- USB Audio Device)':
00:00:02.797274 Audio:   ID              = {0.0.1.00000000}.{c569bf1f-8ec5-46e5-a751-90017ddd8927}
00:00:02.797274 Audio:   Usage           = input
00:00:02.797274 Audio:   Flags           = DEFAULT_IN
00:00:02.797274 Audio:   Input channels  = 1
00:00:02.797275 Audio:   Output channels = 0
00:00:02.797277 Audio: Device 'Microfone (2- USB Audio Device)':
00:00:02.797277 Audio:   ID              = {0.0.1.00000000}.{c569bf1f-8ec5-46e5-a751-90017ddd8927}
00:00:02.797277 Audio:   Usage           = input
00:00:02.797277 Audio:   Flags           = NONE
00:00:02.797277 Audio:   Input channels  = 1
00:00:02.797278 Audio:   Output channels = 0
00:00:02.797386 AC97: Reset
00:00:02.797391 AC97: Mixer reset (EAID=0x809, EACS=0x9)
00:00:02.797394 AC97: Record select to left=mic, right=mic
00:00:02.797631 PGM: The CPU physical address width is 39 bits
00:00:02.797637 PGM: PGMR3InitFinalize: 4 MB PSE mask 0000007fffffffff -> VINF_SUCCESS
00:00:02.797744 TM: TMR3InitFinalize: fTSCModeSwitchAllowed=false
00:00:02.797858 VMM: Thread-context hooks unavailable
00:00:02.797862 VMM: RTThreadPreemptIsPending() can be trusted
00:00:02.797864 VMM: Kernel preemption is possible
00:00:02.798252 HM: fWorldSwitcher=0x0 (fIbpbOnVmExit=false fIbpbOnVmEntry=false fL1dFlushOnVmEntry=false); fL1dFlushOnSched=false fMdsClearOnVmEntry=false
00:00:02.798257 HM: Using VT-x implementation 3.0
00:00:02.798258 HM: Max resume loops                  = 8192
00:00:02.798259 HM: Host CR4                          = 0x3506f8
00:00:02.798259 HM: Host EFER                         = 0xd01
00:00:02.798260 HM: MSR_IA32_SMM_MONITOR_CTL          = 0x0
00:00:02.798260 HM: MSR_IA32_FEATURE_CONTROL          = 0x5
00:00:02.798260 HM:   LOCK
00:00:02.798261 HM:   VMXON
00:00:02.798261 HM: MSR_IA32_VMX_BASIC                = 0xda040000000004
00:00:02.798262 HM:   VMCS id                           = 0x4
00:00:02.798262 HM:   VMCS size                         = 1024 bytes
00:00:02.798262 HM:   VMCS physical address limit       = None
00:00:02.798263 HM:   VMCS memory type                  = Write Back (WB)
00:00:02.798263 HM:   Dual-monitor treatment support    = true 
00:00:02.798263 HM:   OUTS & INS instruction-info       = true 
00:00:02.798264 HM:   Supports true-capability MSRs     = true 
00:00:02.798264 HM:   VM-entry Xcpt error-code optional = false
00:00:02.798264 HM: MSR_IA32_VMX_PINBASED_CTLS        = 0xff00000016
00:00:02.798265 HM:   EXT_INT_EXIT
00:00:02.798265 HM:   NMI_EXIT
00:00:02.798265 HM:   VIRTUAL_NMI
00:00:02.798265 HM:   PREEMPT_TIMER
00:00:02.798265 HM:   POSTED_INT
00:00:02.798266 HM: MSR_IA32_VMX_PROCBASED_CTLS       = 0xfff9fffe0401e172
00:00:02.798267 HM:   INT_WINDOW_EXIT
00:00:02.798267 HM:   USE_TSC_OFFSETTING
00:00:02.798267 HM:   HLT_EXIT
00:00:02.798268 HM:   INVLPG_EXIT
00:00:02.798268 HM:   MWAIT_EXIT
00:00:02.798268 HM:   RDPMC_EXIT
00:00:02.798268 HM:   RDTSC_EXIT
00:00:02.798269 HM:   CR3_LOAD_EXIT (must be set)
00:00:02.798269 HM:   CR3_STORE_EXIT (must be set)
00:00:02.798269 HM:   CR8_LOAD_EXIT
00:00:02.798269 HM:   CR8_STORE_EXIT
00:00:02.798269 HM:   USE_TPR_SHADOW
00:00:02.798270 HM:   NMI_WINDOW_EXIT
00:00:02.798270 HM:   MOV_DR_EXIT
00:00:02.798270 HM:   UNCOND_IO_EXIT
00:00:02.798270 HM:   USE_IO_BITMAPS
00:00:02.798270 HM:   MONITOR_TRAP_FLAG
00:00:02.798271 HM:   USE_MSR_BITMAPS
00:00:02.798271 HM:   MONITOR_EXIT
00:00:02.798271 HM:   PAUSE_EXIT
00:00:02.798271 HM:   USE_SECONDARY_CTLS
00:00:02.798274 HM: MSR_IA32_VMX_PROCBASED_CTLS2      = 0x5fffff00000000
00:00:02.798275 HM:   VIRT_APIC_ACCESS
00:00:02.798275 HM:   EPT
00:00:02.798275 HM:   DESC_TABLE_EXIT
00:00:02.798275 HM:   RDTSCP
00:00:02.798276 HM:   VIRT_X2APIC_MODE
00:00:02.798276 HM:   VPID
00:00:02.798276 HM:   WBINVD_EXIT
00:00:02.798276 HM:   UNRESTRICTED_GUEST
00:00:02.798276 HM:   APIC_REG_VIRT
00:00:02.798277 HM:   VIRT_INT_DELIVERY
00:00:02.798277 HM:   PAUSE_LOOP_EXIT
00:00:02.798277 HM:   RDRAND_EXIT
00:00:02.798277 HM:   INVPCID
00:00:02.798277 HM:   VMFUNC
00:00:02.798277 HM:   VMCS_SHADOWING
00:00:02.798278 HM:   ENCLS_EXIT
00:00:02.798278 HM:   RDSEED_EXIT
00:00:02.798278 HM:   PML
00:00:02.798278 HM:   EPT_VE
00:00:02.798278 HM:   CONCEAL_VMX_FROM_PT
00:00:02.798279 HM:   XSAVES_XRSTORS
00:00:02.798279 HM:   MODE_BASED_EPT_PERM
00:00:02.798279 HM:   SPPTP_EPT (must be cleared)
00:00:02.798279 HM:   PT_EPT (must be cleared)
00:00:02.798279 HM:   TSC_SCALING (must be cleared)
00:00:02.798280 HM:   USER_WAIT_PAUSE (must be cleared)
00:00:02.798280 HM:   ENCLV_EXIT (must be cleared)
00:00:02.798280 HM: MSR_IA32_VMX_ENTRY_CTLS           = 0x3ffff000011ff
00:00:02.798281 HM:   LOAD_DEBUG (must be set)
00:00:02.798281 HM:   IA32E_MODE_GUEST
00:00:02.798281 HM:   ENTRY_TO_SMM
00:00:02.798281 HM:   DEACTIVATE_DUAL_MON
00:00:02.798281 HM:   LOAD_PERF_MSR
00:00:02.798282 HM:   LOAD_PAT_MSR
00:00:02.798282 HM:   LOAD_EFER_MSR
00:00:02.798282 HM:   LOAD_BNDCFGS_MSR
00:00:02.798282 HM:   CONCEAL_VMX_FROM_PT
00:00:02.798282 HM:   LOAD_RTIT_CTL_MSR (must be cleared)
00:00:02.798283 HM: MSR_IA32_VMX_EXIT_CTLS            = 0x1ffffff00036dff
00:00:02.798283 HM:   SAVE_DEBUG (must be set)
00:00:02.798283 HM:   HOST_ADDR_SPACE_SIZE
00:00:02.798284 HM:   LOAD_PERF_MSR
00:00:02.798284 HM:   ACK_EXT_INT
00:00:02.798284 HM:   SAVE_PAT_MSR
00:00:02.798284 HM:   LOAD_PAT_MSR
00:00:02.798284 HM:   SAVE_EFER_MSR
00:00:02.798285 HM:   LOAD_EFER_MSR
00:00:02.798286 HM:   SAVE_PREEMPT_TIMER
00:00:02.798286 HM:   CLEAR_BNDCFGS_MSR
00:00:02.798286 HM:   CONCEAL_VMX_FROM_PT
00:00:02.798286 HM:   CLEAR_RTIT_CTL_MSR (must be cleared)
00:00:02.798287 HM: MSR_IA32_VMX_TRUE_PINBASED_CTLS   = 0xff00000016
00:00:02.798287 HM: MSR_IA32_VMX_TRUE_PROCBASED_CTLS  = 0xfff9fffe04006172
00:00:02.798288 HM: MSR_IA32_VMX_TRUE_ENTRY_CTLS      = 0x3ffff000011fb
00:00:02.798288 HM: MSR_IA32_VMX_TRUE_EXIT_CTLS       = 0x1ffffff00036dfb
00:00:02.798289 HM: MSR_IA32_VMX_MISC                 = 0x7004c1e7
00:00:02.798289 HM:   PREEMPT_TIMER_TSC                 = 0x7
00:00:02.798289 HM:   EXIT_SAVE_EFER_LMA                = true 
00:00:02.798290 HM:   ACTIVITY_STATES                   = 0x7 ( HLT SHUTDOWN SIPI_WAIT )
00:00:02.798290 HM:   INTEL_PT                          = true 
00:00:02.798290 HM:   SMM_READ_SMBASE_MSR               = true 
00:00:02.798291 HM:   CR3_TARGET                        = 0x4
00:00:02.798291 HM:   MAX_MSR                           = 0x0 ( 512 )
00:00:02.798291 HM:   VMXOFF_BLOCK_SMI                  = true 
00:00:02.798292 HM:   VMWRITE_ALL                       = true 
00:00:02.798292 HM:   ENTRY_INJECT_SOFT_INT             = 0x1
00:00:02.798292 HM:   MSEG_ID                           = 0x0
00:00:02.798292 HM: MSR_IA32_VMX_VMCS_ENUM            = 0x2e
00:00:02.798293 HM:   HIGHEST_IDX                       = 0x17
00:00:02.798293 HM: MSR_IA32_VMX_EPT_VPID_CAP         = 0xf0106734141
00:00:02.798293 HM:   RWX_X_ONLY
00:00:02.798294 HM:   PAGE_WALK_LENGTH_4
00:00:02.798294 HM:   EMT_UC
00:00:02.798294 HM:   EMT_WB
00:00:02.798294 HM:   PDE_2M
00:00:02.798294 HM:   PDPTE_1G
00:00:02.798295 HM:   INVEPT
00:00:02.798295 HM:   EPT_ACCESS_DIRTY
00:00:02.798295 HM:   ADVEXITINFO_EPT
00:00:02.798295 HM:   INVEPT_SINGLE_CONTEXT
00:00:02.798295 HM:   INVEPT_ALL_CONTEXTS
00:00:02.798295 HM:   INVVPID
00:00:02.798296 HM:   INVVPID_INDIV_ADDR
00:00:02.798296 HM:   INVVPID_SINGLE_CONTEXT
00:00:02.798296 HM:   INVVPID_ALL_CONTEXTS
00:00:02.798296 HM:   INVVPID_SINGLE_CONTEXT_RETAIN_GLOBALS
00:00:02.798297 HM: MSR_IA32_VMX_VMFUNC               = 0x1
00:00:02.798297 HM:   EPTP_SWITCHING
00:00:02.798297 HM: MSR_IA32_VMX_CR0_FIXED0           = 0x80000021
00:00:02.798297 HM: MSR_IA32_VMX_CR0_FIXED1           = 0xffffffff
00:00:02.798298 HM: MSR_IA32_VMX_CR4_FIXED0           = 0x2000
00:00:02.798298 HM: MSR_IA32_VMX_CR4_FIXED1           = 0x7727ff
00:00:02.798299 HM: APIC-access page physaddr         = 0x00000003e8f6f000
00:00:02.798299 HM: VCPU  0: MSR bitmap physaddr      = 0x0000000342aac000
00:00:02.798300 HM: VCPU  0: VMCS physaddr            = 0x00000000151a9000
00:00:02.798301 HM: Guest support: 32-bit only
00:00:02.798304 HM: Supports VMCS EFER fields         = true 
00:00:02.798304 HM: Enabled VMX
00:00:02.798306 CPUM: SetGuestCpuIdFeature: Enabled SYSENTER/EXIT
00:00:02.798306 HM: Enabled nested paging
00:00:02.798307 HM:   EPT flush type                  = Single context
00:00:02.798307 HM: Enabled unrestricted guest execution
00:00:02.798307 HM: Enabled large page support
00:00:02.798307 HM: Enabled VPID
00:00:02.798308 HM:   VPID flush type                 = Single context
00:00:02.798308 HM: Enabled VMX-preemption timer (cPreemptTimerShift=7)
00:00:02.798308 HM: VT-x/AMD-V init method: Local
00:00:02.798309 EM: Exit history optimizations: enabled=true  enabled-r0=true  enabled-r0-no-preemption=false
00:00:02.798350 APIC: fPostedIntrsEnabled=false fVirtApicRegsEnabled=false fSupportsTscDeadline=false
00:00:02.798355 TMR3UtcNow: nsNow=1 657 829 572 655 408 300 nsPrev=0 -> cNsDelta=1 657 829 572 655 408 300 (offLag=0 offVirtualSync=0 offVirtualSyncGivenUp=0, NowAgain=1 657 829 572 655 408 300)
00:00:02.798362 VMM: fUsePeriodicPreemptionTimers=false
00:00:02.798365 CPUM: Logical host processors: 16 present, 16 max, 16 online, online mask: 000000000000ffff
00:00:02.798366 CPUM: Physical host cores: 8
00:00:02.798366 ************************* CPUID dump ************************
00:00:02.798370          Raw Standard CPUID Leaves
00:00:02.798370      Leaf/sub-leaf  eax      ebx      ecx      edx
00:00:02.798371 Gst: 00000000/0000  00000016 756e6547 6c65746e 49656e69
00:00:02.798372 Hst:                00000016 756e6547 6c65746e 49656e69
00:00:02.798373 Gst: 00000001/0000  000a0655 00010800 56da220b 178bfbbf
00:00:02.798374 Hst:                000a0655 00100800 7ffafbbf bfebfbff
00:00:02.798374 Gst: 00000002/0000  76036301 00f0b5ff 00000000 00c30000
00:00:02.798375 Hst:                76036301 00f0b5ff 00000000 00c30000
00:00:02.798375 Gst: 00000003/0000  00000000 00000000 00000000 00000000
00:00:02.798376 Hst:                00000000 00000000 00000000 00000000
00:00:02.798376 Gst: 00000004/0000  00000121 01c0003f 0000003f 00000000
00:00:02.798377 Hst:                1c004121 01c0003f 0000003f 00000000
00:00:02.798378 Gst: 00000004/0001  00000122 01c0003f 0000003f 00000000
00:00:02.798378 Hst:                1c004122 01c0003f 0000003f 00000000
00:00:02.798379 Gst: 00000004/0002  00000143 00c0003f 000003ff 00000000
00:00:02.798379 Hst:                1c004143 00c0003f 000003ff 00000000
00:00:02.798380 Gst: 00000004/0003  00000163 03c0003f 00003fff 00000006
00:00:02.798380 Hst:                1c03c163 03c0003f 00003fff 00000006
00:00:02.798381 Gst: 00000004/0004  00000000 00000000 00000000 00000000
00:00:02.798381 Hst:                00000000 00000000 00000000 00000000
00:00:02.798381 Gst: 00000005/0000  00000040 00000040 00000000 00000000
00:00:02.798382 Hst:                00000040 00000040 00000003 11142120
00:00:02.798383 Gst: 00000006/0000  00000000 00000000 00000000 00000000
00:00:02.798383 Hst:                000027f7 00000002 00000001 00000000
00:00:02.798384 Gst: 00000007/0000  00000000 00842421 00000000 30000400
00:00:02.798384 Hst:                00000000 029c67af 40000008 bc000400
00:00:02.798385 Gst: 00000007/0001  00000000 00000000 00000000 00000000
00:00:02.798385 Hst:                00000000 00000000 00000000 00000000
00:00:02.798385 Gst: 00000008/0000  00000000 00000000 00000000 00000000
00:00:02.798386 Hst:                00000000 00000000 00000000 00000000
00:00:02.798386 Gst: 00000009/0000  00000000 00000000 00000000 00000000
00:00:02.798387 Hst:                00000000 00000000 00000000 00000000
00:00:02.798387 Gst: 0000000a/0000  00000000 00000000 00000000 00000000
00:00:02.798387 Hst:                07300404 00000000 00000000 00000603
00:00:02.798388 Gst: 0000000b/0000  00000000 00000001 00000100 00000000
00:00:02.798388 Hst:                00000001 00000002 00000100 00000000
00:00:02.798389 Gst: 0000000b/0001  00000001 00000001 00000201 00000000
00:00:02.798389 Hst:                00000004 00000010 00000201 00000000
00:00:02.798389 Gst: 0000000b/0002  00000000 00000000 00000002 00000000
00:00:02.798390 Hst:                00000000 00000000 00000002 00000000
00:00:02.798390 Gst: 0000000c/0000  00000000 00000000 00000000 00000000
00:00:02.798391 Hst:                00000000 00000000 00000000 00000000
00:00:02.798391 Gst: 0000000d/0000  00000007 00000340 00000340 00000000
00:00:02.798391 Hst:                0000021f 00000440 00000a88 00000000
00:00:02.798392 Gst: 0000000d/0001  00000000 00000440 00000000 00000000
00:00:02.798392 Hst:                0000000f 00000440 00000100 00000000
00:00:02.798393 Gst: 0000000d/0002  00000100 00000240 00000000 00000000
00:00:02.798393 Hst:                00000100 00000240 00000000 00000000
00:00:02.798394 Gst: 0000000d/0003  00000000 00000000 00000000 00000000
00:00:02.798394 Hst:                00000040 000003c0 00000000 00000000
00:00:02.798394 Gst: 0000000d/0004  00000000 00000000 00000000 00000000
00:00:02.798395 Hst:                00000040 00000400 00000000 00000000
00:00:02.798395 Gst: 0000000d/0005  00000000 00000000 00000000 00000000
00:00:02.798395 Hst:                00000000 00000000 00000000 00000000
00:00:02.798396 Gst: 0000000d/0006  00000000 00000000 00000000 00000000
00:00:02.798396 Hst:                00000000 00000000 00000000 00000000
00:00:02.798397 Gst: 0000000d/0007  00000000 00000000 00000000 00000000
00:00:02.798397 Hst:                00000000 00000000 00000000 00000000
00:00:02.798397 Gst: 0000000d/0008  00000000 00000000 00000000 00000000
00:00:02.798398 Hst:                00000080 00000000 00000001 00000000
00:00:02.798398 Gst: 0000000d/0009  00000000 00000000 00000000 00000000
00:00:02.798399 Hst:                00000008 00000a80 00000000 00000000
00:00:02.798399 Gst: 0000000d/000a  00000000 00000000 00000000 00000000
00:00:02.798399 Hst:                00000000 00000000 00000000 00000000
00:00:02.798412 Gst: 0000000e/0000  00000000 00000000 00000000 00000000
00:00:02.798412 Hst:                00000000 00000000 00000000 00000000
00:00:02.798413 Gst: 0000000f/0000  00000000 00000000 00000000 00000000
00:00:02.798413 Hst:                00000000 00000000 00000000 00000000
00:00:02.798413 Gst: 00000010/0000  00000000 00000000 00000000 00000000
00:00:02.798414 Hst:                00000000 00000000 00000000 00000000
00:00:02.798414 Gst: 00000011/0000  00000000 00000000 00000000 00000000
00:00:02.798415 Hst:                00000000 00000000 00000000 00000000
00:00:02.798415 Gst: 00000012/0000  00000000 00000000 00000000 00000000
00:00:02.798415 Hst:                00000000 00000000 00000000 00000000
00:00:02.798416 Gst: 00000013/0000  00000000 00000000 00000000 00000000
00:00:02.798416 Hst:                00000000 00000000 00000000 00000000
00:00:02.798416 Gst: 00000014/0000  00000000 00000000 00000000 00000000
00:00:02.798417 Hst:                00000001 0000000f 00000007 00000000
00:00:02.798417 Hst: 00000015/0000  00000002 000000f2 00000000 00000000
00:00:02.798418 Hst: 00000016/0000  00000b54 000012c0 00000064 00000000
00:00:02.798419                                Name: GenuineIntel
00:00:02.798419                            Supports: 0x00000000-0x00000016
00:00:02.798421                              Family:  6 	Extended: 0 	Effective: 6
00:00:02.798422                               Model:  5 	Extended: 10 	Effective: 165
00:00:02.798422                            Stepping: 5
00:00:02.798423                                Type: 0 (primary)
00:00:02.798423                             APIC ID: 0x00
00:00:02.798424                        Logical CPUs: 1
00:00:02.798424                        CLFLUSH Size: 8
00:00:02.798424                            Brand ID: 0x00
00:00:02.798425 Features
00:00:02.798425   Mnemonic - Description                                  = guest (host)
00:00:02.798426   FPU - x87 FPU on Chip                                   = 1 (1)
00:00:02.798427   VME - Virtual 8086 Mode Enhancements                    = 1 (1)
00:00:02.798428   DE - Debugging extensions                               = 1 (1)
00:00:02.798429   PSE - Page Size Extension                               = 1 (1)
00:00:02.798429   TSC - Time Stamp Counter                                = 1 (1)
00:00:02.798430   MSR - Model Specific Registers                          = 1 (1)
00:00:02.798430   PAE - Physical Address Extension                        = 0 (1)
00:00:02.798431   MCE - Machine Check Exception                           = 1 (1)
00:00:02.798431   CX8 - CMPXCHG8B instruction                             = 1 (1)
00:00:02.798432   APIC - APIC On-Chip                                     = 1 (1)
00:00:02.798432   SEP - SYSENTER and SYSEXIT Present                      = 1 (1)
00:00:02.798433   MTRR - Memory Type Range Registers                      = 1 (1)
00:00:02.798433   PGE - PTE Global Bit                                    = 1 (1)
00:00:02.798434   MCA - Machine Check Architecture                        = 1 (1)
00:00:02.798435   CMOV - Conditional Move instructions                    = 1 (1)
00:00:02.798435   PAT - Page Attribute Table                              = 1 (1)
00:00:02.798436   PSE-36 - 36-bit Page Size Extension                     = 1 (1)
00:00:02.798436   PSN - Processor Serial Number                           = 0 (0)
00:00:02.798437   CLFSH - CLFLUSH instruction                             = 1 (1)
00:00:02.798437   DS - Debug Store                                        = 0 (1)
00:00:02.798438   ACPI - Thermal Mon. & Soft. Clock Ctrl.                 = 0 (1)
00:00:02.798438   MMX - Intel MMX Technology                              = 1 (1)
00:00:02.798439   FXSR - FXSAVE and FXRSTOR instructions                  = 1 (1)
00:00:02.798439   SSE - SSE support                                       = 1 (1)
00:00:02.798440   SSE2 - SSE2 support                                     = 1 (1)
00:00:02.798440   SS - Self Snoop                                         = 0 (1)
00:00:02.798441   HTT - Hyper-Threading Technology                        = 1 (1)
00:00:02.798441   TM - Therm. Monitor                                     = 0 (1)
00:00:02.798442   PBE - Pending Break Enabled                             = 0 (1)
00:00:02.798443   SSE3 - SSE3 support                                     = 1 (1)
00:00:02.798443   PCLMUL - PCLMULQDQ support (for AES-GCM)                = 1 (1)
00:00:02.798444   DTES64 - DS Area 64-bit Layout                          = 0 (1)
00:00:02.798444   MONITOR - MONITOR/MWAIT instructions                    = 1 (1)
00:00:02.798445   CPL-DS - CPL Qualified Debug Store                      = 0 (1)
00:00:02.798445   VMX - Virtual Machine Extensions                        = 0 (1)
00:00:02.798446   SMX - Safer Mode Extensions                             = 0 (0)
00:00:02.798446   EST - Enhanced SpeedStep Technology                     = 0 (1)
00:00:02.798447   TM2 - Terminal Monitor 2                                = 0 (1)
00:00:02.798447   SSSE3 - Supplemental Streaming SIMD Extensions 3        = 1 (1)
00:00:02.798448   CNTX-ID - L1 Context ID                                 = 0 (0)
00:00:02.798448   SDBG - Silicon Debug interface                          = 0 (1)
00:00:02.798449   FMA - Fused Multiply Add extensions                     = 0 (1)
00:00:02.798449   CX16 - CMPXCHG16B instruction                           = 1 (1)
00:00:02.798450   TPRUPDATE - xTPR Update Control                         = 0 (1)
00:00:02.798450   PDCM - Perf/Debug Capability MSR                        = 0 (1)
00:00:02.798451   PCID - Process Context Identifiers                      = 1 (1)
00:00:02.798451   DCA - Direct Cache Access                               = 0 (0)
00:00:02.798452   SSE4_1 - SSE4_1 support                                 = 1 (1)
00:00:02.798452   SSE4_2 - SSE4_2 support                                 = 1 (1)
00:00:02.798453   X2APIC - x2APIC support                                 = 0 (1)
00:00:02.798453   MOVBE - MOVBE instruction                               = 1 (1)
00:00:02.798454   POPCNT - POPCNT instruction                             = 1 (1)
00:00:02.798454   TSCDEADL - Time Stamp Counter Deadline                  = 0 (1)
00:00:02.798455   AES - AES instructions                                  = 1 (1)
00:00:02.798455   XSAVE - XSAVE instruction                               = 1 (1)
00:00:02.798456   OSXSAVE - OSXSAVE instruction                           = 0 (1)
00:00:02.798456   AVX - AVX support                                       = 1 (1)
00:00:02.798457   F16C - 16-bit floating point conversion instructions    = 0 (1)
00:00:02.798457   RDRAND - RDRAND instruction                             = 1 (1)
00:00:02.798458   HVP - Hypervisor Present (we're a guest)                = 0 (0)
00:00:02.798459 Structured Extended Feature Flags Enumeration (leaf 7):
00:00:02.798459   Mnemonic - Description                                  = guest (host)
00:00:02.798459   FSGSBASE - RDFSBASE/RDGSBASE/WRFSBASE/WRGSBASE instr.   = 1 (1)
00:00:02.798460   TSCADJUST - Supports MSR_IA32_TSC_ADJUST                = 0 (1)
00:00:02.798460   SGX - Supports Software Guard Extensions                = 0 (1)
00:00:02.798461   BMI1 - Advanced Bit Manipulation extension 1            = 0 (1)
00:00:02.798461   HLE - Hardware Lock Elision                             = 0 (0)
00:00:02.798462   AVX2 - Advanced Vector Extensions 2                     = 1 (1)
00:00:02.798462   FDP_EXCPTN_ONLY - FPU DP only updated on exceptions     = 0 (0)
00:00:02.798462   SMEP - Supervisor Mode Execution Prevention             = 0 (1)
00:00:02.798463   BMI2 - Advanced Bit Manipulation extension 2            = 0 (1)
00:00:02.798463   ERMS - Enhanced REP MOVSB/STOSB instructions            = 0 (1)
00:00:02.798464   INVPCID - INVPCID instruction                           = 1 (1)
00:00:02.798464   RTM - Restricted Transactional Memory                   = 0 (0)
00:00:02.798465   PQM - Platform Quality of Service Monitoring            = 0 (0)
00:00:02.798465   DEPFPU_CS_DS - Deprecates FPU CS, FPU DS values if set  = 1 (1)
00:00:02.798466   MPE - Intel Memory Protection Extensions                = 0 (1)
00:00:02.798466   PQE - Platform Quality of Service Enforcement           = 0 (0)
00:00:02.798467   AVX512F - AVX512 Foundation instructions                = 0 (0)
00:00:02.798467   RDSEED - RDSEED instruction                             = 1 (1)
00:00:02.798468   ADX - ADCX/ADOX instructions                            = 0 (1)
00:00:02.798468   SMAP - Supervisor Mode Access Prevention                = 0 (1)
00:00:02.798469   CLFLUSHOPT - CLFLUSHOPT (Cache Line Flush) instruction  = 1 (1)
00:00:02.798469   INTEL_PT - Intel Processor Trace                        = 0 (1)
00:00:02.798469   AVX512PF - AVX512 Prefetch instructions                 = 0 (0)
00:00:02.798470   AVX512ER - AVX512 Exponential & Reciprocal instructions = 0 (0)
00:00:02.798470   AVX512CD - AVX512 Conflict Detection instructions       = 0 (0)
00:00:02.798471   SHA - Secure Hash Algorithm extensions                  = 0 (0)
00:00:02.798471   PREFETCHWT1 - PREFETCHWT1 instruction                   = 0 (0)
00:00:02.798472   UMIP - User mode insturction prevention                 = 0 (0)
00:00:02.798472   PKU - Protection Key for Usermode pages                 = 0 (1)
00:00:02.798473   OSPKE - CR4.PKU mirror                                  = 0 (0)
00:00:02.798473   MAWAU - Value used by BNDLDX & BNDSTX                   = 0x0 (0x0)
00:00:02.798474   RDPID - Read processor ID support                       = 0 (0)
00:00:02.798474   SGX_LC - Supports SGX Launch Configuration              = 0 (1)
00:00:02.798475   MD_CLEAR - Supports MDS related buffer clearing         = 1 (1)
00:00:02.798475   IBRS_IBPB - IA32_SPEC_CTRL.IBRS and IA32_PRED_CMD.IBPB  = 0 (1)
00:00:02.798476   STIBP - Supports IA32_SPEC_CTRL.STIBP                   = 0 (1)
00:00:02.798476   FLUSH_CMD - Supports IA32_FLUSH_CMD                     = 1 (1)
00:00:02.798477   ARCHCAP - Supports IA32_ARCH_CAP                        = 1 (1)
00:00:02.798477   CORECAP - Supports IA32_CORE_CAP                        = 0 (0)
00:00:02.798478   SSBD - Supports IA32_SPEC_CTRL.SSBD                     = 0 (1)
00:00:02.798478 Processor Extended State Enumeration (leaf 0xd):
00:00:02.798479    XSAVE area cur/max size by XCR0, guest: 0x340/0x340
00:00:02.798479     XSAVE area cur/max size by XCR0, host: 0x440/0xa88
00:00:02.798480                    Valid XCR0 bits, guest: 0x00000000`00000007 ( x87 SSE YMM_Hi128 )
00:00:02.798481                     Valid XCR0 bits, host: 0x00000000`0000021f ( x87 SSE YMM_Hi128 BNDREGS BNDCSR 9 )
00:00:02.798482                     XSAVE features, guest:
00:00:02.798483                      XSAVE features, host: XSAVEOPT XSAVEC XGETBC1 XSAVES
00:00:02.798483       XSAVE area cur size XCR0|XSS, guest: 0x440
00:00:02.798484        XSAVE area cur size XCR0|XSS, host: 0x440
00:00:02.798484                Valid IA32_XSS bits, guest: 0x00000000`00000000
00:00:02.798485                 Valid IA32_XSS bits, host: 0x00000100`00000000 ( 40 )
00:00:02.798485   State #2, guest: off=0x0240, cb=0x0100 IA32_XSS-bit -- YMM_Hi128
00:00:02.798486   State #2, host:  off=0x0240, cb=0x0100 IA32_XSS-bit -- YMM_Hi128
00:00:02.798487   State #3, host:  off=0x03c0, cb=0x0040 IA32_XSS-bit -- BNDREGS
00:00:02.798488   State #4, host:  off=0x0400, cb=0x0040 IA32_XSS-bit -- BNDCSR
00:00:02.798489   State #8, host:  off=0x0000, cb=0x0080 XCR0-bit -- 8
00:00:02.798490   State #9, host:  off=0x0a80, cb=0x0008 IA32_XSS-bit -- 9
00:00:02.798496          Unknown CPUID Leaves
00:00:02.798496      Leaf/sub-leaf  eax      ebx      ecx      edx
00:00:02.798496 Gst: 00000014/0001  00000000 00000000 00000000 00000000
00:00:02.798497 Hst:                02490002 003f3fff 00000000 00000000
00:00:02.798497 Gst: 00000014/0002  00000000 00000000 00000000 00000000
00:00:02.798498 Hst:                00000000 00000000 00000000 00000000
00:00:02.798498 Gst: 00000015/0000  00000000 00000000 00000000 00000000
00:00:02.798499 Hst:                00000002 000000f2 00000000 00000000
00:00:02.798499 Gst: 00000016/0000  00000000 00000000 00000000 00000000
00:00:02.798500 Hst:                00000b54 000012c0 00000064 00000000
00:00:02.798501          Raw Extended CPUID Leaves
00:00:02.798501      Leaf/sub-leaf  eax      ebx      ecx      edx
00:00:02.798501 Gst: 80000000/0000  80000008 00000000 00000000 00000000
00:00:02.798502 Hst:                80000008 00000000 00000000 00000000
00:00:02.798502 Gst: 80000001/0000  00000000 00000000 00000121 08000000
00:00:02.798503 Hst:                00000000 00000000 00000121 2c100800
00:00:02.798504 Gst: 80000002/0000  65746e49 2952286c 726f4320 4d542865
00:00:02.798504 Hst:                65746e49 2952286c 726f4320 4d542865
00:00:02.798505 Gst: 80000003/0000  37692029 3730312d 20463030 20555043
00:00:02.798506 Hst:                37692029 3730312d 20463030 20555043
00:00:02.798507 Gst: 80000004/0000  2e322040 48473039 0000007a 00000000
00:00:02.798507 Hst:                2e322040 48473039 0000007a 00000000
00:00:02.798508 Gst: 80000005/0000  00000000 00000000 00000000 00000000
00:00:02.798508 Hst:                00000000 00000000 00000000 00000000
00:00:02.798509 Gst: 80000006/0000  00000000 00000000 01006040 00000000
00:00:02.798509 Hst:                00000000 00000000 01006040 00000000
00:00:02.798510 Gst: 80000007/0000  00000000 00000000 00000000 00000100
00:00:02.798510 Hst:                00000000 00000000 00000000 00000100
00:00:02.798510 Gst: 80000008/0000  00003027 00000000 00000000 00000000
00:00:02.798511 Hst:                00003027 00000000 00000000 00000000
00:00:02.798511 Ext Name:                        
00:00:02.798512 Ext Supports:                    0x80000000-0x80000008
00:00:02.798512 Family:                          0  	Extended: 0 	Effective: 0
00:00:02.798512 Model:                           0  	Extended: 0 	Effective: 0
00:00:02.798513 Stepping:                        0
00:00:02.798513 Brand ID:                        0x000
00:00:02.798513 Ext Features
00:00:02.798514   Mnemonic - Description                                  = guest (host)
00:00:02.798515   FPU - x87 FPU on Chip                                   = 0 (0)
00:00:02.798515   VME - Virtual 8086 Mode Enhancements                    = 0 (0)
00:00:02.798516   DE - Debugging extensions                               = 0 (0)
00:00:02.798516   PSE - Page Size Extension                               = 0 (0)
00:00:02.798517   TSC - Time Stamp Counter                                = 0 (0)
00:00:02.798517   MSR - K86 Model Specific Registers                      = 0 (0)
00:00:02.798518   PAE - Physical Address Extension                        = 0 (0)
00:00:02.798518   MCE - Machine Check Exception                           = 0 (0)
00:00:02.798519   CX8 - CMPXCHG8B instruction                             = 0 (0)
00:00:02.798519   APIC - APIC On-Chip                                     = 0 (0)
00:00:02.798520   SEP - SYSCALL/SYSRET                                    = 0 (1)
00:00:02.798521   MTRR - Memory Type Range Registers                      = 0 (0)
00:00:02.798521   PGE - PTE Global Bit                                    = 0 (0)
00:00:02.798522   MCA - Machine Check Architecture                        = 0 (0)
00:00:02.798522   CMOV - Conditional Move instructions                    = 0 (0)
00:00:02.798523   PAT - Page Attribute Table                              = 0 (0)
00:00:02.798523   PSE-36 - 36-bit Page Size Extension                     = 0 (0)
00:00:02.798524   NX - No-Execute/Execute-Disable                         = 0 (1)
00:00:02.798524   AXMMX - AMD Extensions to MMX instructions              = 0 (0)
00:00:02.798525   MMX - Intel MMX Technology                              = 0 (0)
00:00:02.798525   FXSR - FXSAVE and FXRSTOR Instructions                  = 0 (0)
00:00:02.798526   FFXSR - AMD fast FXSAVE and FXRSTOR instructions        = 0 (0)
00:00:02.798526   Page1GB - 1 GB large page                               = 0 (1)
00:00:02.798527   RDTSCP - RDTSCP instruction                             = 1 (1)
00:00:02.798527   LM - AMD64 Long Mode                                    = 0 (1)
00:00:02.798528   3DNOWEXT - AMD Extensions to 3DNow                      = 0 (0)
00:00:02.798528   3DNOW - AMD 3DNow                                       = 0 (0)
00:00:02.798529   LahfSahf - LAHF/SAHF support in 64-bit mode             = 1 (1)
00:00:02.798529   CmpLegacy - Core multi-processing legacy mode           = 0 (0)
00:00:02.798530   SVM - AMD Secure Virtual Machine extensions             = 0 (0)
00:00:02.798530   EXTAPIC - AMD Extended APIC registers                   = 0 (0)
00:00:02.798531   CR8L - AMD LOCK MOV CR0 means MOV CR8                   = 0 (0)
00:00:02.798531   ABM - AMD Advanced Bit Manipulation                     = 1 (1)
00:00:02.798532   SSE4A - SSE4A instructions                              = 0 (0)
00:00:02.798532   MISALIGNSSE - AMD Misaligned SSE mode                   = 0 (0)
00:00:02.798533   3DNOWPRF - AMD PREFETCH and PREFETCHW instructions      = 1 (1)
00:00:02.798533   OSVW - AMD OS Visible Workaround                        = 0 (0)
00:00:02.798533   IBS - Instruct Based Sampling                           = 0 (0)
00:00:02.798534   XOP - Extended Operation support                        = 0 (0)
00:00:02.798534   SKINIT - SKINIT, STGI, and DEV support                  = 0 (0)
00:00:02.798535   WDT - AMD Watchdog Timer support                        = 0 (0)
00:00:02.798535   LWP - Lightweight Profiling support                     = 0 (0)
00:00:02.798536   FMA4 - Four operand FMA instruction support             = 0 (0)
00:00:02.798536   NodeId - NodeId in MSR C001_100C                        = 0 (0)
00:00:02.798537   TBM - Trailing Bit Manipulation instructions            = 0 (0)
00:00:02.798537   TOPOEXT - Topology Extensions                           = 0 (0)
00:00:02.798538   PRFEXTCORE - Performance Counter Extensions support     = 0 (0)
00:00:02.798538   PRFEXTNB - NB Performance Counter Extensions support    = 0 (0)
00:00:02.798539   DATABPEXT - Data-access Breakpoint Extension            = 0 (0)
00:00:02.798539   PERFTSC - Performance Time Stamp Counter                = 0 (0)
00:00:02.798540   PCX_L2I - L2I/L3 Performance Counter Extensions         = 0 (0)
00:00:02.798540   MWAITX - MWAITX and MONITORX instructions               = 0 (0)
00:00:02.798541 Full Name:                       "Intel(R) Core(TM) i7-10700F CPU @ 2.90GHz"
00:00:02.798541 TLB 2/4M Instr/Uni:              res0     0 entries
00:00:02.798542 TLB 2/4M Data:                   res0     0 entries
00:00:02.798542 TLB 4K Instr/Uni:                res0     0 entries
00:00:02.798542 TLB 4K Data:                     res0     0 entries
00:00:02.798543 L1 Instr Cache Line Size:        0 bytes
00:00:02.798543 L1 Instr Cache Lines Per Tag:    0
00:00:02.798543 L1 Instr Cache Associativity:    res0  
00:00:02.798544 L1 Instr Cache Size:             0 KB
00:00:02.798544 L1 Data Cache Line Size:         0 bytes
00:00:02.798544 L1 Data Cache Lines Per Tag:     0
00:00:02.798544 L1 Data Cache Associativity:     res0  
00:00:02.798545 L1 Data Cache Size:              0 KB
00:00:02.798545 L2 TLB 2/4M Instr/Uni:           off       0 entries
00:00:02.798545 L2 TLB 2/4M Data:                off       0 entries
00:00:02.798546 L2 TLB 4K Instr/Uni:             off       0 entries
00:00:02.798546 L2 TLB 4K Data:                  off       0 entries
00:00:02.798546 L2 Cache Line Size:              0 bytes
00:00:02.798546 L2 Cache Lines Per Tag:          0
00:00:02.798547 L2 Cache Associativity:          off   
00:00:02.798547 L2 Cache Size:                   0 KB
00:00:02.798547   TS - Temperature Sensor                                 = 0 (0)
00:00:02.798548   FID - Frequency ID control                              = 0 (0)
00:00:02.798548   VID - Voltage ID control                                = 0 (0)
00:00:02.798549   TscInvariant - Invariant Time Stamp Counter             = 1 (1)
00:00:02.798550   CBP - Core Performance Boost                            = 0 (0)
00:00:02.798550   EffFreqRO - Read-only Effective Frequency Interface     = 0 (0)
00:00:02.798550   ProcFdbkIf - Processor Feedback Interface               = 0 (0)
00:00:02.798551   ProcPwrRep - Core power reporting interface support     = 0 (0)
00:00:02.798551 Physical Address Width:          39 bits
00:00:02.798552 Virtual Address Width:           48 bits
00:00:02.798552 Guest Physical Address Width:    0 bits
00:00:02.798552 Physical Core Count:             1
00:00:02.798553 
00:00:02.798553 ******************** End of CPUID dump **********************
00:00:02.798553 *********************** VT-x features ***********************
00:00:02.798554 Nested hardware virtualization - VMX features
00:00:02.798554   Mnemonic - Description                                  = guest (host)
00:00:02.798555   VMX - Virtual-Machine Extensions                        = 0 (1)
00:00:02.798555   InsOutInfo - INS/OUTS instruction info.                 = 0 (1)
00:00:02.798555   ExtIntExit - External interrupt exiting                 = 0 (1)
00:00:02.798556   NmiExit - NMI exiting                                   = 0 (1)
00:00:02.798556   VirtNmi - Virtual NMIs                                  = 0 (1)
00:00:02.798556   PreemptTimer - VMX preemption timer                     = 0 (1)
00:00:02.798556   PostedInt - Posted interrupts                           = 0 (1)
00:00:02.798557   IntWindowExit - Interrupt-window exiting                = 0 (1)
00:00:02.798557   TscOffsetting - TSC offsetting                          = 0 (1)
00:00:02.798557   HltExit - HLT exiting                                   = 0 (1)
00:00:02.798559   InvlpgExit - INVLPG exiting                             = 0 (1)
00:00:02.798559   MwaitExit - MWAIT exiting                               = 0 (1)
00:00:02.798559   RdpmcExit - RDPMC exiting                               = 0 (1)
00:00:02.798559   RdtscExit - RDTSC exiting                               = 0 (1)
00:00:02.798560   Cr3LoadExit - CR3-load exiting                          = 0 (1)
00:00:02.798560   Cr3StoreExit - CR3-store exiting                        = 0 (1)
00:00:02.798560   Cr8LoadExit  - CR8-load exiting                         = 0 (1)
00:00:02.798561   Cr8StoreExit - CR8-store exiting                        = 0 (1)
00:00:02.798561   UseTprShadow - Use TPR shadow                           = 0 (1)
00:00:02.798561   NmiWindowExit - NMI-window exiting                      = 0 (1)
00:00:02.798561   MovDRxExit - Mov-DR exiting                             = 0 (1)
00:00:02.798562   UncondIoExit - Unconditional I/O exiting                = 0 (1)
00:00:02.798562   UseIoBitmaps - Use I/O bitmaps                          = 0 (1)
00:00:02.798563   MonitorTrapFlag - Monitor Trap Flag                     = 0 (1)
00:00:02.798564   UseMsrBitmaps - MSR bitmaps                             = 0 (1)
00:00:02.798564   MonitorExit - MONITOR exiting                           = 0 (1)
00:00:02.798564   PauseExit - PAUSE exiting                               = 0 (1)
00:00:02.798564   SecondaryExecCtl - Activate secondary controls          = 0 (1)
00:00:02.798565   VirtApic - Virtualize-APIC accesses                     = 0 (1)
00:00:02.798565   Ept - Extended Page Tables                              = 0 (1)
00:00:02.798565   DescTableExit - Descriptor-table exiting                = 0 (1)
00:00:02.798565   Rdtscp - Enable RDTSCP                                  = 0 (1)
00:00:02.798566   VirtX2ApicMode - Virtualize-x2APIC mode                 = 0 (1)
00:00:02.798566   Vpid - Enable VPID                                      = 0 (1)
00:00:02.798566   WbinvdExit - WBINVD exiting                             = 0 (1)
00:00:02.798566   UnrestrictedGuest - Unrestricted guest                  = 0 (1)
00:00:02.798567   ApicRegVirt - APIC-register virtualization              = 0 (1)
00:00:02.798567   VirtIntDelivery - Virtual-interrupt delivery            = 0 (1)
00:00:02.798567   PauseLoopExit - PAUSE-loop exiting                      = 0 (1)
00:00:02.798568   RdrandExit - RDRAND exiting                             = 0 (1)
00:00:02.798568   Invpcid - Enable INVPCID                                = 0 (1)
00:00:02.798568   VmFuncs - Enable VM Functions                           = 0 (1)
00:00:02.798568   VmcsShadowing - VMCS shadowing                          = 0 (1)
00:00:02.798569   RdseedExiting - RDSEED exiting                          = 0 (1)
00:00:02.798569   PML - Page-Modification Log (PML)                       = 0 (1)
00:00:02.798569   EptVe - EPT violations can cause #VE                    = 0 (1)
00:00:02.798569   XsavesXRstors - Enable XSAVES/XRSTORS                   = 0 (1)
00:00:02.798570   EntryLoadDebugCtls - Load debug controls on VM-entry    = 0 (1)
00:00:02.798570   Ia32eModeGuest - IA-32e mode guest                      = 0 (1)
00:00:02.798570   EntryLoadEferMsr - Load IA32_EFER MSR on VM-entry       = 0 (1)
00:00:02.798571   EntryLoadPatMsr - Load IA32_PAT MSR on VM-entry         = 0 (1)
00:00:02.798571   ExitSaveDebugCtls - Save debug controls on VM-exit      = 0 (1)
00:00:02.798571   HostAddrSpaceSize - Host address-space size             = 0 (1)
00:00:02.798571   ExitAckExtInt - Acknowledge interrupt on VM-exit        = 0 (1)
00:00:02.798572   ExitSavePatMsr - Save IA32_PAT MSR on VM-exit           = 0 (1)
00:00:02.798572   ExitLoadPatMsr - Load IA32_PAT MSR on VM-exit           = 0 (1)
00:00:02.798572   ExitSaveEferMsr - Save IA32_EFER MSR on VM-exit         = 0 (1)
00:00:02.798572   ExitLoadEferMsr - Load IA32_EFER MSR on VM-exit         = 0 (1)
00:00:02.798573   SavePreemptTimer - Save VMX-preemption timer            = 0 (1)
00:00:02.798573   ExitSaveEferLma - Save IA32_EFER.LMA on VM-exit         = 0 (1)
00:00:02.798573   IntelPt - Intel PT (Processor Trace) in VMX operation   = 0 (1)
00:00:02.798574   VmwriteAll - VMWRITE to any supported VMCS field        = 0 (1)
00:00:02.798574   EntryInjectSoftInt - Inject softint. with 0-len instr.  = 0 (1)
00:00:02.798574 
00:00:02.798574 ******************* End of VT-x features ********************
00:00:02.798582 VMEmt: Halt method global1 (5)
00:00:02.798608 VMEmt: HaltedGlobal1 config: cNsSpinBlockThresholdCfg=50000
00:00:02.798612 Changing the VM state from 'CREATING' to 'CREATED'
00:00:02.799251 Changing the VM state from 'CREATED' to 'POWERING_ON'
00:00:02.799554 Changing the VM state from 'POWERING_ON' to 'RUNNING'
00:00:02.799564 Console: Machine state changed to 'Running'
00:00:02.799762 GUI: Capturing keyboard on resume
00:00:02.801816 VMMDev: Guest Log: BIOS: VirtualBox 6.1.34
00:00:02.801856 PCI: Setting up resources and interrupts
00:00:02.801954 PIT: mode=2 count=0x10000 (65536) - 18.20 Hz (ch=0)
00:00:02.805761 ERROR [COM]: aRC=VBOX_E_VM_ERROR (0x80bb0003) aIID={4680b2de-8690-11e9-b83d-5719e53cf1de} aComponent={DisplayWrap} aText={Could not take a screenshot (VERR_NOT_SUPPORTED)}, preserve=false aResultDetail=-37
00:00:02.810159 Display::i_handleDisplayResize: uScreenId=0 pvVRAM=0000000000000000 w=720 h=400 bpp=0 cbLine=0x0 flags=0x0 origin=0,0
00:00:02.810644 VMMDev: Guest Log: CPUID EDX: 0x178bfbbf
00:00:02.810727 PIIX3 ATA: Ctl#1: RESET, DevSel=0 AIOIf=0 CmdIf0=0x00 (-1 usec ago) CmdIf1=0x00 (-1 usec ago)
00:00:02.810749 PIIX3 ATA: Ctl#1: finished processing RESET
00:00:02.811962 PIT: mode=2 count=0x48d3 (18643) - 64.00 Hz (ch=0)
00:00:02.842479 Display::i_handleDisplayResize: uScreenId=0 pvVRAM=000000000ab60000 w=640 h=480 bpp=32 cbLine=0xA00 flags=0x0 origin=0,0
00:00:03.300816 GUI: UIMachineViewNormal::resendSizeHint: Restoring guest size-hint for screen 0 to 800x600
00:00:03.303183 GUI: 2D video acceleration is disabled
00:00:03.303219 GUI: HID LEDs sync is enabled
00:00:03.307220 GUI: UIMachineLogicNormal::sltCheckForRequestedVisualStateType: Requested-state=0, Machine-state=5
00:00:03.401816 GUI: Releasing mouse on focus out
00:00:03.401900 GUI: Releasing keyboard on focus out
00:00:03.402681 GUI: Machine-view #0 unfocused, reason=0
00:00:03.490111 GUI: Capturing keyboard on focus in
00:00:03.490138 GUI: Machine-view #0 focused, reason=7
00:00:05.290552 PIT: mode=2 count=0x10000 (65536) - 18.20 Hz (ch=0)
00:00:05.290708 VMMDev: Guest Log: BIOS: Boot : bseqnr=1, bootseq=0231
00:00:05.301067 Display::i_handleDisplayResize: uScreenId=0 pvVRAM=0000000000000000 w=720 h=400 bpp=0 cbLine=0x0 flags=0x0 origin=0,0
00:00:05.311113 VMMDev: Guest Log: BIOS: Booting from Floppy...
00:00:25.595865 GUI: Machine-window #0 deactivated
00:00:25.595883 GUI: Releasing mouse on focus out
00:00:25.595891 GUI: Releasing keyboard on focus out
00:00:25.598353 GUI: Machine-view #0 unfocused, reason=3
